<?xml version="1.0" encoding="UTF-8"?>
<coverage generated="1760923024811" clover="3.2.0">
  <project timestamp="1760923024811" name="All files">
    <metrics statements="73" coveredstatements="49" conditionals="45" coveredconditionals="35" methods="11" coveredmethods="4" elements="129" coveredelements="88" complexity="0" loc="73" ncloc="73" packages="1" files="2" classes="2"/>
    <file name="app.js" path="C:\Damian\02- UP\LIC\02- Semestres\02\DevOps\03- Evaluaciones\DevOps---TPE\app.js">
      <metrics statements="54" coveredstatements="30" conditionals="18" coveredconditionals="8" methods="9" coveredmethods="2"/>
      <line num="1" count="2" type="stmt"/>
      <line num="2" count="2" type="stmt"/>
      <line num="3" count="2" type="stmt"/>
      <line num="4" count="2" type="stmt"/>
      <line num="5" count="2" type="stmt"/>
      <line num="6" count="2" type="stmt"/>
      <line num="7" count="2" type="stmt"/>
      <line num="9" count="2" type="stmt"/>
      <line num="10" count="2" type="stmt"/>
      <line num="11" count="2" type="stmt"/>
      <line num="15" count="2" type="cond" truecount="2" falsecount="0"/>
      <line num="18" count="8" type="cond" truecount="2" falsecount="0"/>
      <line num="24" count="7" type="stmt"/>
      <line num="25" count="7" type="cond" truecount="2" falsecount="0"/>
      <line num="26" count="1" type="stmt"/>
      <line num="27" count="1" type="cond" truecount="1" falsecount="1"/>
      <line num="30" count="7" type="stmt"/>
      <line num="31" count="7" type="stmt"/>
      <line num="32" count="7" type="stmt"/>
      <line num="40" count="7" type="stmt"/>
      <line num="43" count="2" type="stmt"/>
      <line num="46" count="2" type="stmt"/>
      <line num="52" count="2" type="stmt"/>
      <line num="53" count="0" type="stmt"/>
      <line num="54" count="0" type="stmt"/>
      <line num="57" count="2" type="stmt"/>
      <line num="58" count="0" type="stmt"/>
      <line num="59" count="0" type="cond" truecount="0" falsecount="2"/>
      <line num="61" count="0" type="stmt"/>
      <line num="64" count="0" type="stmt"/>
      <line num="67" count="0" type="stmt"/>
      <line num="70" count="2" type="stmt"/>
      <line num="71" count="0" type="stmt"/>
      <line num="72" count="0" type="cond" truecount="0" falsecount="2"/>
      <line num="73" count="0" type="stmt"/>
      <line num="74" count="0" type="stmt"/>
      <line num="77" count="2" type="stmt"/>
      <line num="78" count="0" type="stmt"/>
      <line num="79" count="0" type="stmt"/>
      <line num="83" count="2" type="stmt"/>
      <line num="84" count="0" type="stmt"/>
      <line num="85" count="0" type="stmt"/>
      <line num="87" count="0" type="stmt"/>
      <line num="88" count="0" type="stmt"/>
      <line num="93" count="2" type="stmt"/>
      <line num="94" count="0" type="stmt"/>
      <line num="96" count="0" type="stmt"/>
      <line num="97" count="0" type="stmt"/>
      <line num="103" count="0" type="stmt"/>
      <line num="109" count="2" type="stmt"/>
      <line num="110" count="0" type="stmt"/>
      <line num="111" count="0" type="stmt"/>
      <line num="112" count="0" type="stmt"/>
      <line num="115" count="2" type="stmt"/>
    </file>
    <file name="utils.js" path="C:\Damian\02- UP\LIC\02- Semestres\02\DevOps\03- Evaluaciones\DevOps---TPE\utils.js">
      <metrics statements="19" coveredstatements="19" conditionals="27" coveredconditionals="27" methods="2" coveredmethods="2"/>
      <line num="1" count="4" type="stmt"/>
      <line num="2" count="6" type="stmt"/>
      <line num="3" count="6" type="cond" truecount="4" falsecount="0"/>
      <line num="4" count="2" type="stmt"/>
      <line num="5" count="6" type="cond" truecount="4" falsecount="0"/>
      <line num="6" count="2" type="stmt"/>
      <line num="7" count="6" type="cond" truecount="4" falsecount="0"/>
      <line num="8" count="2" type="stmt"/>
      <line num="9" count="6" type="stmt"/>
      <line num="12" count="4" type="stmt"/>
      <line num="13" count="3" type="stmt"/>
      <line num="14" count="3" type="cond" truecount="5" falsecount="0"/>
      <line num="15" count="1" type="stmt"/>
      <line num="16" count="3" type="cond" truecount="5" falsecount="0"/>
      <line num="17" count="1" type="stmt"/>
      <line num="18" count="3" type="cond" truecount="5" falsecount="0"/>
      <line num="19" count="1" type="stmt"/>
      <line num="20" count="3" type="stmt"/>
      <line num="22" count="4" type="stmt"/>
    </file>
  </project>
</coverage>
