{"C:\\Damian\\02- UP\\LIC\\02- Semestres\\02\\DevOps\\03- Evaluaciones\\DevOps---TPE\\app.js": {"path":"C:\\Damian\\02- UP\\LIC\\02- Semestres\\02\\DevOps\\03- Evaluaciones\\DevOps---TPE\\app.js","statementMap":{"0":{"start":{"line":1,"column":0},"end":{"line":1,"column":27}},"1":{"start":{"line":2,"column":25},"end":{"line":2,"column":43}},"2":{"start":{"line":3,"column":16},"end":{"line":3,"column":34}},"3":{"start":{"line":4,"column":13},"end":{"line":4,"column":28}},"4":{"start":{"line":5,"column":11},"end":{"line":5,"column":24}},"5":{"start":{"line":6,"column":17},"end":{"line":6,"column":42}},"6":{"start":{"line":7,"column":15},"end":{"line":7,"column":38}},"7":{"start":{"line":9,"column":12},"end":{"line":9,"column":21}},"8":{"start":{"line":10,"column":0},"end":{"line":10,"column":24}},"9":{"start":{"line":11,"column":0},"end":{"line":11,"column":56}},"10":{"start":{"line":15,"column":2},"end":{"line":15,"column":68}},"11":{"start":{"line":18,"column":2},"end":{"line":20,"column":72}},"12":{"start":{"line":24,"column":17},"end":{"line":24,"column":38}},"13":{"start":{"line":25,"column":2},"end":{"line":28,"column":3}},"14":{"start":{"line":26,"column":18},"end":{"line":26,"column":38}},"15":{"start":{"line":27,"column":4},"end":{"line":27,"column":72}},"16":{"start":{"line":27,"column":31},"end":{"line":27,"column":72}},"17":{"start":{"line":30,"column":13},"end":{"line":30,"column":33}},"18":{"start":{"line":31,"column":2},"end":{"line":31,"column":34}},"19":{"start":{"line":32,"column":2},"end":{"line":39,"column":5}},"20":{"start":{"line":40,"column":2},"end":{"line":40,"column":12}},"21":{"start":{"line":43,"column":11},"end":{"line":43,"column":35}},"22":{"start":{"line":46,"column":0},"end":{"line":49,"column":3}},"23":{"start":{"line":52,"column":0},"end":{"line":55,"column":3}},"24":{"start":{"line":53,"column":15},"end":{"line":53,"column":66}},"25":{"start":{"line":54,"column":2},"end":{"line":54,"column":17}},"26":{"start":{"line":57,"column":0},"end":{"line":68,"column":3}},"27":{"start":{"line":58,"column":17},"end":{"line":58,"column":39}},"28":{"start":{"line":59,"column":2},"end":{"line":59,"column":61}},"29":{"start":{"line":59,"column":21},"end":{"line":59,"column":61}},"30":{"start":{"line":61,"column":15},"end":{"line":63,"column":62}},"31":{"start":{"line":64,"column":18},"end":{"line":66,"column":30}},"32":{"start":{"line":67,"column":2},"end":{"line":67,"column":32}},"33":{"start":{"line":70,"column":0},"end":{"line":75,"column":3}},"34":{"start":{"line":71,"column":14},"end":{"line":71,"column":79}},"35":{"start":{"line":72,"column":2},"end":{"line":72,"column":73}},"36":{"start":{"line":72,"column":12},"end":{"line":72,"column":73}},"37":{"start":{"line":73,"column":2},"end":{"line":73,"column":66}},"38":{"start":{"line":74,"column":2},"end":{"line":74,"column":16}},"39":{"start":{"line":77,"column":0},"end":{"line":80,"column":3}},"40":{"start":{"line":78,"column":2},"end":{"line":78,"column":40}},"41":{"start":{"line":79,"column":2},"end":{"line":79,"column":25}},"42":{"start":{"line":83,"column":0},"end":{"line":90,"column":3}},"43":{"start":{"line":84,"column":2},"end":{"line":89,"column":3}},"44":{"start":{"line":85,"column":4},"end":{"line":85,"column":75}},"45":{"start":{"line":87,"column":4},"end":{"line":87,"column":33}},"46":{"start":{"line":88,"column":4},"end":{"line":88,"column":51}},"47":{"start":{"line":93,"column":0},"end":{"line":105,"column":3}},"48":{"start":{"line":94,"column":2},"end":{"line":104,"column":3}},"49":{"start":{"line":96,"column":18},"end":{"line":96,"column":46}},"50":{"start":{"line":97,"column":4},"end":{"line":101,"column":7}},"51":{"start":{"line":103,"column":4},"end":{"line":103,"column":68}},"52":{"start":{"line":109,"column":0},"end":{"line":113,"column":3}},"53":{"start":{"line":110,"column":2},"end":{"line":110,"column":49}},"54":{"start":{"line":111,"column":2},"end":{"line":111,"column":31}},"55":{"start":{"line":112,"column":2},"end":{"line":112,"column":52}},"56":{"start":{"line":115,"column":0},"end":{"line":115,"column":50}}},"fnMap":{"0":{"name":"getDbFile","decl":{"start":{"line":17,"column":9},"end":{"line":17,"column":18}},"loc":{"start":{"line":17,"column":39},"end":{"line":21,"column":1}},"line":17},"1":{"name":"initDatabase","decl":{"start":{"line":23,"column":9},"end":{"line":23,"column":21}},"loc":{"start":{"line":23,"column":42},"end":{"line":41,"column":1}},"line":23},"2":{"name":"(anonymous_2)","decl":{"start":{"line":52,"column":18},"end":{"line":52,"column":19}},"loc":{"start":{"line":52,"column":32},"end":{"line":55,"column":1}},"line":52},"3":{"name":"(anonymous_3)","decl":{"start":{"line":57,"column":19},"end":{"line":57,"column":20}},"loc":{"start":{"line":57,"column":33},"end":{"line":68,"column":1}},"line":57},"4":{"name":"(anonymous_4)","decl":{"start":{"line":70,"column":25},"end":{"line":70,"column":26}},"loc":{"start":{"line":70,"column":39},"end":{"line":75,"column":1}},"line":70},"5":{"name":"(anonymous_5)","decl":{"start":{"line":77,"column":21},"end":{"line":77,"column":22}},"loc":{"start":{"line":77,"column":36},"end":{"line":80,"column":1}},"line":77},"6":{"name":"(anonymous_6)","decl":{"start":{"line":83,"column":25},"end":{"line":83,"column":26}},"loc":{"start":{"line":83,"column":39},"end":{"line":90,"column":1}},"line":83},"7":{"name":"(anonymous_7)","decl":{"start":{"line":93,"column":19},"end":{"line":93,"column":20}},"loc":{"start":{"line":93,"column":33},"end":{"line":105,"column":1}},"line":93},"8":{"name":"(anonymous_8)","decl":{"start":{"line":109,"column":8},"end":{"line":109,"column":9}},"loc":{"start":{"line":109,"column":33},"end":{"line":113,"column":1}},"line":109}},"branchMap":{"0":{"loc":{"start":{"line":15,"column":2},"end":{"line":15,"column":68}},"type":"binary-expr","locations":[{"start":{"line":15,"column":2},"end":{"line":15,"column":33}},{"start":{"line":15,"column":37},"end":{"line":15,"column":68}}],"line":15},"1":{"loc":{"start":{"line":17,"column":19},"end":{"line":17,"column":37}},"type":"default-arg","locations":[{"start":{"line":17,"column":32},"end":{"line":17,"column":37}}],"line":17},"2":{"loc":{"start":{"line":18,"column":9},"end":{"line":20,"column":71}},"type":"cond-expr","locations":[{"start":{"line":19,"column":6},"end":{"line":19,"column":16}},{"start":{"line":20,"column":6},"end":{"line":20,"column":71}}],"line":18},"3":{"loc":{"start":{"line":20,"column":6},"end":{"line":20,"column":71}},"type":"binary-expr","locations":[{"start":{"line":20,"column":6},"end":{"line":20,"column":24}},{"start":{"line":20,"column":28},"end":{"line":20,"column":71}}],"line":20},"4":{"loc":{"start":{"line":23,"column":22},"end":{"line":23,"column":40}},"type":"default-arg","locations":[{"start":{"line":23,"column":35},"end":{"line":23,"column":40}}],"line":23},"5":{"loc":{"start":{"line":25,"column":2},"end":{"line":28,"column":3}},"type":"if","locations":[{"start":{"line":25,"column":2},"end":{"line":28,"column":3}},{"start":{},"end":{}}],"line":25},"6":{"loc":{"start":{"line":27,"column":4},"end":{"line":27,"column":72}},"type":"if","locations":[{"start":{"line":27,"column":4},"end":{"line":27,"column":72}},{"start":{},"end":{}}],"line":27},"7":{"loc":{"start":{"line":59,"column":2},"end":{"line":59,"column":61}},"type":"if","locations":[{"start":{"line":59,"column":2},"end":{"line":59,"column":61}},{"start":{},"end":{}}],"line":59},"8":{"loc":{"start":{"line":72,"column":2},"end":{"line":72,"column":73}},"type":"if","locations":[{"start":{"line":72,"column":2},"end":{"line":72,"column":73}},{"start":{},"end":{}}],"line":72},"9":{"loc":{"start":{"line":99,"column":16},"end":{"line":99,"column":45}},"type":"cond-expr","locations":[{"start":{"line":99,"column":24},"end":{"line":99,"column":35}},{"start":{"line":99,"column":38},"end":{"line":99,"column":45}}],"line":99}},"s":{"0":2,"1":2,"2":2,"3":2,"4":2,"5":2,"6":2,"7":2,"8":2,"9":2,"10":2,"11":8,"12":7,"13":7,"14":1,"15":1,"16":1,"17":7,"18":7,"19":7,"20":7,"21":2,"22":2,"23":2,"24":0,"25":0,"26":2,"27":0,"28":0,"29":0,"30":0,"31":0,"32":0,"33":2,"34":0,"35":0,"36":0,"37":0,"38":0,"39":2,"40":0,"41":0,"42":2,"43":0,"44":0,"45":0,"46":0,"47":2,"48":0,"49":0,"50":0,"51":0,"52":2,"53":0,"54":0,"55":0,"56":2},"f":{"0":8,"1":7,"2":0,"3":0,"4":0,"5":0,"6":0,"7":0,"8":0},"b":{"0":[2,2],"1":[0],"2":[6,2],"3":[2,0],"4":[0],"5":[1,6],"6":[1,0],"7":[0,0],"8":[0,0],"9":[0,0]},"_coverageSchema":"1a1c01bbd47fc00a2c39e90264f33305004495a9","hash":"01dc1a5f6567495af5a3bd47b8ecf806f33d7f73"}
,"C:\\Damian\\02- UP\\LIC\\02- Semestres\\02\\DevOps\\03- Evaluaciones\\DevOps---TPE\\utils.js": {"path":"C:\\Damian\\02- UP\\LIC\\02- Semestres\\02\\DevOps\\03- Evaluaciones\\DevOps---TPE\\utils.js","statementMap":{"0":{"start":{"line":1,"column":21},"end":{"line":10,"column":1}},"1":{"start":{"line":2,"column":17},"end":{"line":2,"column":19}},"2":{"start":{"line":3,"column":2},"end":{"line":4,"column":52}},"3":{"start":{"line":4,"column":4},"end":{"line":4,"column":52}},"4":{"start":{"line":5,"column":2},"end":{"line":6,"column":44}},"5":{"start":{"line":6,"column":4},"end":{"line":6,"column":44}},"6":{"start":{"line":7,"column":2},"end":{"line":8,"column":49}},"7":{"start":{"line":8,"column":4},"end":{"line":8,"column":49}},"8":{"start":{"line":9,"column":2},"end":{"line":9,"column":16}},"9":{"start":{"line":12,"column":24},"end":{"line":21,"column":1}},"10":{"start":{"line":13,"column":17},"end":{"line":13,"column":19}},"11":{"start":{"line":14,"column":2},"end":{"line":15,"column":49}},"12":{"start":{"line":15,"column":4},"end":{"line":15,"column":49}},"13":{"start":{"line":16,"column":2},"end":{"line":17,"column":41}},"14":{"start":{"line":17,"column":4},"end":{"line":17,"column":41}},"15":{"start":{"line":18,"column":2},"end":{"line":19,"column":46}},"16":{"start":{"line":19,"column":4},"end":{"line":19,"column":46}},"17":{"start":{"line":20,"column":2},"end":{"line":20,"column":16}},"18":{"start":{"line":22,"column":0},"end":{"line":22,"column":51}}},"fnMap":{"0":{"name":"(anonymous_0)","decl":{"start":{"line":1,"column":21},"end":{"line":1,"column":22}},"loc":{"start":{"line":1,"column":31},"end":{"line":10,"column":1}},"line":1},"1":{"name":"(anonymous_1)","decl":{"start":{"line":12,"column":24},"end":{"line":12,"column":25}},"loc":{"start":{"line":12,"column":34},"end":{"line":21,"column":1}},"line":12}},"branchMap":{"0":{"loc":{"start":{"line":3,"column":2},"end":{"line":4,"column":52}},"type":"if","locations":[{"start":{"line":3,"column":2},"end":{"line":4,"column":52}},{"start":{},"end":{}}],"line":3},"1":{"loc":{"start":{"line":3,"column":6},"end":{"line":3,"column":56}},"type":"binary-expr","locations":[{"start":{"line":3,"column":6},"end":{"line":3,"column":35}},{"start":{"line":3,"column":39},"end":{"line":3,"column":56}}],"line":3},"2":{"loc":{"start":{"line":5,"column":2},"end":{"line":6,"column":44}},"type":"if","locations":[{"start":{"line":5,"column":2},"end":{"line":6,"column":44}},{"start":{},"end":{}}],"line":5},"3":{"loc":{"start":{"line":5,"column":6},"end":{"line":5,"column":64}},"type":"binary-expr","locations":[{"start":{"line":5,"column":6},"end":{"line":5,"column":36}},{"start":{"line":5,"column":40},"end":{"line":5,"column":64}}],"line":5},"4":{"loc":{"start":{"line":7,"column":2},"end":{"line":8,"column":49}},"type":"if","locations":[{"start":{"line":7,"column":2},"end":{"line":8,"column":49}},{"start":{},"end":{}}],"line":7},"5":{"loc":{"start":{"line":7,"column":6},"end":{"line":7,"column":53}},"type":"binary-expr","locations":[{"start":{"line":7,"column":6},"end":{"line":7,"column":35}},{"start":{"line":7,"column":39},"end":{"line":7,"column":53}}],"line":7},"6":{"loc":{"start":{"line":14,"column":2},"end":{"line":15,"column":49}},"type":"if","locations":[{"start":{"line":14,"column":2},"end":{"line":15,"column":49}},{"start":{},"end":{}}],"line":14},"7":{"loc":{"start":{"line":14,"column":6},"end":{"line":14,"column":76}},"type":"binary-expr","locations":[{"start":{"line":14,"column":6},"end":{"line":14,"column":20}},{"start":{"line":14,"column":25},"end":{"line":14,"column":54}},{"start":{"line":14,"column":58},"end":{"line":14,"column":75}}],"line":14},"8":{"loc":{"start":{"line":16,"column":2},"end":{"line":17,"column":41}},"type":"if","locations":[{"start":{"line":16,"column":2},"end":{"line":17,"column":41}},{"start":{},"end":{}}],"line":16},"9":{"loc":{"start":{"line":16,"column":6},"end":{"line":16,"column":85}},"type":"binary-expr","locations":[{"start":{"line":16,"column":6},"end":{"line":16,"column":21}},{"start":{"line":16,"column":26},"end":{"line":16,"column":56}},{"start":{"line":16,"column":60},"end":{"line":16,"column":84}}],"line":16},"10":{"loc":{"start":{"line":18,"column":2},"end":{"line":19,"column":46}},"type":"if","locations":[{"start":{"line":18,"column":2},"end":{"line":19,"column":46}},{"start":{},"end":{}}],"line":18},"11":{"loc":{"start":{"line":18,"column":6},"end":{"line":18,"column":74}},"type":"binary-expr","locations":[{"start":{"line":18,"column":6},"end":{"line":18,"column":21}},{"start":{"line":18,"column":26},"end":{"line":18,"column":55}},{"start":{"line":18,"column":59},"end":{"line":18,"column":73}}],"line":18}},"s":{"0":4,"1":6,"2":6,"3":2,"4":6,"5":2,"6":6,"7":2,"8":6,"9":4,"10":3,"11":3,"12":1,"13":3,"14":1,"15":3,"16":1,"17":3,"18":4},"f":{"0":6,"1":3},"b":{"0":[2,4],"1":[6,6],"2":[2,4],"3":[6,6],"4":[2,4],"5":[6,6],"6":[1,2],"7":[3,1,1],"8":[1,2],"9":[3,1,1],"10":[1,2],"11":[3,1,1]},"_coverageSchema":"1a1c01bbd47fc00a2c39e90264f33305004495a9","hash":"8d781b89c1c4700287c1e309f70cb1a4162b7a67"}
}
