TN:
SF:app.js
FN:17,getDbFile
FN:23,initDatabase
FN:52,(anonymous_2)
FN:57,(anonymous_3)
FN:70,(anonymous_4)
FN:77,(anonymous_5)
FN:83,(anonymous_6)
FN:93,(anonymous_7)
FN:109,(anonymous_8)
FNF:9
FNH:2
FNDA:8,getDbFile
FNDA:7,initDatabase
FNDA:0,(anonymous_2)
FNDA:0,(anonymous_3)
FNDA:0,(anonymous_4)
FNDA:0,(anonymous_5)
FNDA:0,(anonymous_6)
FNDA:0,(anonymous_7)
FNDA:0,(anonymous_8)
DA:1,2
DA:2,2
DA:3,2
DA:4,2
DA:5,2
DA:6,2
DA:7,2
DA:9,2
DA:10,2
DA:11,2
DA:15,2
DA:18,8
DA:24,7
DA:25,7
DA:26,1
DA:27,1
DA:30,7
DA:31,7
DA:32,7
DA:40,7
DA:43,2
DA:46,2
DA:52,2
DA:53,0
DA:54,0
DA:57,2
DA:58,0
DA:59,0
DA:61,0
DA:64,0
DA:67,0
DA:70,2
DA:71,0
DA:72,0
DA:73,0
DA:74,0
DA:77,2
DA:78,0
DA:79,0
DA:83,2
DA:84,0
DA:85,0
DA:87,0
DA:88,0
DA:93,2
DA:94,0
DA:96,0
DA:97,0
DA:103,0
DA:109,2
DA:110,0
DA:111,0
DA:112,0
DA:115,2
LF:54
LH:30
BRDA:15,0,0,2
BRDA:15,0,1,2
BRDA:17,1,0,0
BRDA:18,2,0,6
BRDA:18,2,1,2
BRDA:20,3,0,2
BRDA:20,3,1,0
BRDA:23,4,0,0
BRDA:25,5,0,1
BRDA:25,5,1,6
BRDA:27,6,0,1
BRDA:27,6,1,0
BRDA:59,7,0,0
BRDA:59,7,1,0
BRDA:72,8,0,0
BRDA:72,8,1,0
BRDA:99,9,0,0
BRDA:99,9,1,0
BRF:18
BRH:8
end_of_record
TN:
SF:utils.js
FN:1,(anonymous_0)
FN:12,(anonymous_1)
FNF:2
FNH:2
FNDA:6,(anonymous_0)
FNDA:3,(anonymous_1)
DA:1,4
DA:2,6
DA:3,6
DA:4,2
DA:5,6
DA:6,2
DA:7,6
DA:8,2
DA:9,6
DA:12,4
DA:13,3
DA:14,3
DA:15,1
DA:16,3
DA:17,1
DA:18,3
DA:19,1
DA:20,3
DA:22,4
LF:19
LH:19
BRDA:3,0,0,2
BRDA:3,0,1,4
BRDA:3,1,0,6
BRDA:3,1,1,6
BRDA:5,2,0,2
BRDA:5,2,1,4
BRDA:5,3,0,6
BRDA:5,3,1,6
BRDA:7,4,0,2
BRDA:7,4,1,4
BRDA:7,5,0,6
BRDA:7,5,1,6
BRDA:14,6,0,1
BRDA:14,6,1,2
BRDA:14,7,0,3
BRDA:14,7,1,1
BRDA:14,7,2,1
BRDA:16,8,0,1
BRDA:16,8,1,2
BRDA:16,9,0,3
BRDA:16,9,1,1
BRDA:16,9,2,1
BRDA:18,10,0,1
BRDA:18,10,1,2
BRDA:18,11,0,3
BRDA:18,11,1,1
BRDA:18,11,2,1
BRF:27
BRH:27
end_of_record
